<?xml version="1.0" encoding="UTF-8" standalone="yes"?><!DOCTYPE report PUBLIC "-//JACOCO//DTD Report 1.1//EN" "report.dtd"><report name="homework2"><sessioninfo id="DESKTOP-12J1VDD-4be7b850" start="1569242825999" dump="1569242826372"/><sessioninfo id="DESKTOP-12J1VDD-c5d204b7" start="1569242907500" dump="1569242907927"/><sessioninfo id="DESKTOP-12J1VDD-4d3a28a2" start="1569246975275" dump="1569246975671"/><sessioninfo id="DESKTOP-12J1VDD-fd5c18b" start="1569247047153" dump="1569247047482"/><sessioninfo id="DESKTOP-12J1VDD-117d1cb3" start="1569251507398" dump="1569251507801"/><sessioninfo id="DESKTOP-12J1VDD-9f3b2238" start="1569310593993" dump="1569310594397"/><sessioninfo id="DESKTOP-12J1VDD-56c8be85" start="1569310625852" dump="1569310626239"/><sessioninfo id="DESKTOP-12J1VDD-7becb728" start="1569311174631" dump="1569311175032"/><sessioninfo id="DESKTOP-12J1VDD-b84d9839" start="1569311195368" dump="1569311195774"/><sessioninfo id="DESKTOP-12J1VDD-1455c387" start="1569311285535" dump="1569311285934"/><sessioninfo id="DESKTOP-12J1VDD-fc383ba6" start="1569311299035" dump="1569311299436"/><sessioninfo id="DESKTOP-12J1VDD-3349ffaf" start="1569312095173" dump="1569312095544"/><sessioninfo id="DESKTOP-12J1VDD-7da8a3e7" start="1569312113619" dump="1569312113994"/><sessioninfo id="DESKTOP-12J1VDD-222be321" start="1569312135285" dump="1569312135673"/><sessioninfo id="DESKTOP-12J1VDD-fac0c0f3" start="1569312208465" dump="1569312208857"/><sessioninfo id="DESKTOP-12J1VDD-db5da0c6" start="1569313035010" dump="1569313035406"/><sessioninfo id="DESKTOP-12J1VDD-657a84c8" start="1569313086397" dump="1569313086784"/><sessioninfo id="DESKTOP-12J1VDD-29352f98" start="1569313124163" dump="1569313124562"/><sessioninfo id="DESKTOP-12J1VDD-ab1aba8e" start="1569313159779" dump="1569313160127"/><sessioninfo id="DESKTOP-12J1VDD-3800f52c" start="1569416599682" dump="1569416600083"/><sessioninfo id="DESKTOP-12J1VDD-ff6ee4cf" start="1569420253398" dump="1569420253774"/><sessioninfo id="DESKTOP-12J1VDD-b4a95af7" start="1569420484146" dump="1569420484539"/><sessioninfo id="DESKTOP-12J1VDD-297a4740" start="1569420508258" dump="1569420508635"/><sessioninfo id="DESKTOP-12J1VDD-d71e642" start="1569420744456" dump="1569420747613"/><sessioninfo id="DESKTOP-12J1VDD-2647a9e7" start="1569421034720" dump="1569421035102"/><sessioninfo id="DESKTOP-12J1VDD-feac3e7" start="1569421054626" dump="1569421057679"/><sessioninfo id="DESKTOP-12J1VDD-9047308f" start="1569421158089" dump="1569421158510"/><sessioninfo id="DESKTOP-12J1VDD-4119caec" start="1569421453046" dump="1569421453521"/><sessioninfo id="DESKTOP-12J1VDD-bf39d02e" start="1569422802376" dump="1569422802767"/><sessioninfo id="DESKTOP-12J1VDD-9e161959" start="1569422870038" dump="1569422870433"/><sessioninfo id="DESKTOP-12J1VDD-504dc2f1" start="1569422885529" dump="1569422885892"/><sessioninfo id="DESKTOP-12J1VDD-bc42119" start="1569422931315" dump="1569422931767"/><sessioninfo id="DESKTOP-12J1VDD-e76063f3" start="1569423506202" dump="1569423506805"/><sessioninfo id="DESKTOP-12J1VDD-6f4a9de0" start="1569423515198" dump="1569423515692"/><sessioninfo id="DESKTOP-12J1VDD-ff88b361" start="1569423568380" dump="1569423568760"/><sessioninfo id="DESKTOP-12J1VDD-1ca64ab2" start="1569424511813" dump="1569424512339"/><sessioninfo id="DESKTOP-12J1VDD-fc892746" start="1569424543596" dump="1569424543969"/><sessioninfo id="DESKTOP-12J1VDD-5fe1ae30" start="1569429838077" dump="1569429838440"/><sessioninfo id="DESKTOP-12J1VDD-a25b9fbd" start="1569430349285" dump="1569430349687"/><sessioninfo id="DESKTOP-12J1VDD-4469eb95" start="1569431797340" dump="1569431797726"/><sessioninfo id="DESKTOP-12J1VDD-f5f4a6eb" start="1569431818619" dump="1569431818985"/><sessioninfo id="DESKTOP-12J1VDD-cab283ab" start="1569432077950" dump="1569432078348"/><sessioninfo id="DESKTOP-12J1VDD-abc15cb7" start="1569432152598" dump="1569432153011"/><sessioninfo id="DESKTOP-12J1VDD-77194711" start="1569473844783" dump="1569473845244"/><sessioninfo id="DESKTOP-12J1VDD-f04c1b14" start="1569473886059" dump="1569473886497"/><sessioninfo id="DESKTOP-12J1VDD-7ee1e7a0" start="1569473936145" dump="1569473936556"/><sessioninfo id="DESKTOP-12J1VDD-42e88fd7" start="1569473945756" dump="1569473946176"/><sessioninfo id="DESKTOP-12J1VDD-114d021a" start="1569473953186" dump="1569473953570"/><sessioninfo id="DESKTOP-12J1VDD-f77c7d9f" start="1569474055486" dump="1569474055913"/><sessioninfo id="DESKTOP-12J1VDD-72258959" start="1569475556506" dump="1569475557075"/><sessioninfo id="DESKTOP-12J1VDD-d678f577" start="1569475624112" dump="1569475624509"/><sessioninfo id="DESKTOP-12J1VDD-795ff422" start="1569475880968" dump="1569475881420"/><sessioninfo id="DESKTOP-12J1VDD-a0a4ec75" start="1569476300567" dump="1569476301102"/><sessioninfo id="DESKTOP-12J1VDD-b57f7340" start="1569476394797" dump="1569476395293"/><sessioninfo id="DESKTOP-12J1VDD-a51aa8d3" start="1569476597983" dump="1569476598466"/><sessioninfo id="DESKTOP-12J1VDD-8b24b649" start="1569476665180" dump="1569476665622"/><sessioninfo id="DESKTOP-12J1VDD-4085cad" start="1569476893142" dump="1569476893572"/><sessioninfo id="DESKTOP-12J1VDD-e61394e7" start="1569476920083" dump="1569476920474"/><sessioninfo id="DESKTOP-12J1VDD-faf71791" start="1569477669096" dump="1569477669525"/><sessioninfo id="DESKTOP-12J1VDD-57c41850" start="1569478053341" dump="1569478053818"/><sessioninfo id="DESKTOP-12J1VDD-b41549f4" start="1569478165772" dump="1569478166159"/><sessioninfo id="DESKTOP-12J1VDD-ae70c46e" start="1569478200808" dump="1569478201201"/><sessioninfo id="DESKTOP-12J1VDD-3d4380be" start="1569478207944" dump="1569478208329"/><sessioninfo id="DESKTOP-12J1VDD-21c6f520" start="1569478419578" dump="1569478419971"/><sessioninfo id="DESKTOP-12J1VDD-a3e8ab6c" start="1569478460761" dump="1569478461126"/><sessioninfo id="DESKTOP-12J1VDD-4f1a2ef4" start="1569479707929" dump="1569479708268"/><sessioninfo id="DESKTOP-12J1VDD-8dae0fcb" start="1569482571924" dump="1569482572276"/><sessioninfo id="DESKTOP-12J1VDD-ab9745b5" start="1569482736077" dump="1569482736452"/><sessioninfo id="DESKTOP-12J1VDD-e86762ba" start="1569482791803" dump="1569482792165"/><sessioninfo id="DESKTOP-12J1VDD-d6365ab6" start="1569482888783" dump="1569482889145"/><sessioninfo id="DESKTOP-12J1VDD-4b0b5c7a" start="1569482914836" dump="1569482915179"/><sessioninfo id="DESKTOP-12J1VDD-3dfd5292" start="1569483194831" dump="1569483195220"/><sessioninfo id="DESKTOP-12J1VDD-595d51b0" start="1569483201698" dump="1569483202089"/><sessioninfo id="DESKTOP-12J1VDD-f4df7ce7" start="1569483933906" dump="1569483934285"/><sessioninfo id="DESKTOP-12J1VDD-94d8e88f" start="1569484022219" dump="1569484022644"/><sessioninfo id="DESKTOP-12J1VDD-b08449d5" start="1569484074233" dump="1569484074627"/><sessioninfo id="DESKTOP-12J1VDD-6d9be867" start="1569484170203" dump="1569484170650"/><sessioninfo id="DESKTOP-12J1VDD-3b4828b9" start="1569484215166" dump="1569484215594"/><sessioninfo id="DESKTOP-12J1VDD-db1c8e6b" start="1569484266260" dump="1569484266749"/><sessioninfo id="DESKTOP-12J1VDD-d84f1ba3" start="1569492366998" dump="1569492367576"/><sessioninfo id="DESKTOP-12J1VDD-819470dd" start="1569520796816" dump="1569520797265"/><sessioninfo id="DESKTOP-12J1VDD-5c78c2ff" start="1569520854361" dump="1569520854787"/><sessioninfo id="DESKTOP-12J1VDD-a08de8d1" start="1569521156946" dump="1569521157359"/><sessioninfo id="DESKTOP-12J1VDD-b7f3c9e0" start="1569521280794" dump="1569521281195"/><sessioninfo id="DESKTOP-12J1VDD-aaedc21b" start="1569521935215" dump="1569521935637"/><sessioninfo id="DESKTOP-12J1VDD-42a36268" start="1569521981081" dump="1569521981558"/><sessioninfo id="DESKTOP-12J1VDD-cc9b8a55" start="1569521995590" dump="1569521996029"/><sessioninfo id="DESKTOP-12J1VDD-3032c049" start="1569522128550" dump="1569522129059"/><sessioninfo id="DESKTOP-12J1VDD-e63f1359" start="1569522254060" dump="1569522254686"/><sessioninfo id="DESKTOP-12J1VDD-f8b47832" start="1569522271678" dump="1569522272081"/><sessioninfo id="DESKTOP-12J1VDD-4c9571d1" start="1569522419732" dump="1569522420154"/><sessioninfo id="DESKTOP-12J1VDD-110ef606" start="1569522841348" dump="1569522841756"/><sessioninfo id="DESKTOP-12J1VDD-3e4fad2b" start="1569522849577" dump="1569522850140"/><sessioninfo id="DESKTOP-12J1VDD-7b9d8d55" start="1569522903149" dump="1569522903651"/><sessioninfo id="DESKTOP-12J1VDD-5e0ef763" start="1569522939603" dump="1569522940011"/><sessioninfo id="DESKTOP-12J1VDD-3a9dba54" start="1569561721736" dump="1569561722207"/><sessioninfo id="DESKTOP-12J1VDD-40593f43" start="1569561795819" dump="1569561796230"/><sessioninfo id="DESKTOP-12J1VDD-ebd0b45b" start="1569562122307" dump="1569562122717"/><sessioninfo id="DESKTOP-12J1VDD-4f8dc2dd" start="1569562204932" dump="1569562205380"/><sessioninfo id="DESKTOP-12J1VDD-7f7e0e2b" start="1569562242083" dump="1569562242493"/><sessioninfo id="DESKTOP-12J1VDD-8d128d90" start="1569562260684" dump="1569562261211"/><sessioninfo id="DESKTOP-12J1VDD-506377f5" start="1569562282188" dump="1569562282572"/><sessioninfo id="DESKTOP-12J1VDD-add16f76" start="1569562462419" dump="1569562462816"/><sessioninfo id="DESKTOP-12J1VDD-5e8cf68" start="1569562625439" dump="1569562625811"/><sessioninfo id="DESKTOP-12J1VDD-2a0854f5" start="1569562696540" dump="1569562696904"/><sessioninfo id="DESKTOP-12J1VDD-d206dc48" start="1569562909058" dump="1569562909528"/><sessioninfo id="DESKTOP-12J1VDD-286e15f6" start="1569563658114" dump="1569563658510"/><sessioninfo id="DESKTOP-12J1VDD-b5dcf1c2" start="1569563671432" dump="1569563671793"/><sessioninfo id="DESKTOP-12J1VDD-36c2fcdd" start="1569564432402" dump="1569564432789"/><sessioninfo id="DESKTOP-12J1VDD-52908b99" start="1569564553604" dump="1569564553973"/><sessioninfo id="DESKTOP-12J1VDD-6efe2a38" start="1569564584364" dump="1569564584813"/><sessioninfo id="DESKTOP-12J1VDD-cffffbcb" start="1569564698206" dump="1569564698589"/><sessioninfo id="DESKTOP-12J1VDD-fab64808" start="1569564982341" dump="1569564982755"/><sessioninfo id="DESKTOP-12J1VDD-d0c7fba1" start="1569565029238" dump="1569565029617"/><sessioninfo id="DESKTOP-12J1VDD-4a3b8219" start="1569565075474" dump="1569565075889"/><sessioninfo id="DESKTOP-12J1VDD-87c6a02a" start="1569565352241" dump="1569565352715"/><sessioninfo id="DESKTOP-12J1VDD-a7bd4b10" start="1569565733666" dump="1569565734067"/><sessioninfo id="DESKTOP-12J1VDD-7b3d05fa" start="1569565920509" dump="1569565920890"/><package name="edu/postech/csed332/homework2"><class name="edu/postech/csed332/homework2/Element" sourcefilename="Element.java"><method name="&lt;init&gt;" desc="()V" line="18"><counter type="INSTRUCTION" missed="0" covered="3"/><counter type="LINE" missed="0" covered="1"/><counter type="COMPLEXITY" missed="0" covered="1"/><counter type="METHOD" missed="0" covered="1"/></method><method name="getParentCollection" desc="()Ledu/postech/csed332/homework2/Collection;" line="27"><counter type="INSTRUCTION" missed="0" covered="3"/><counter type="LINE" missed="0" covered="1"/><counter type="COMPLEXITY" missed="0" covered="1"/><counter type="METHOD" missed="0" covered="1"/></method><method name="setParentCollection" desc="(Ledu/postech/csed332/homework2/Collection;)V" line="36"><counter type="INSTRUCTION" missed="0" covered="4"/><counter type="LINE" missed="0" covered="2"/><counter type="COMPLEXITY" missed="0" covered="1"/><counter type="METHOD" missed="0" covered="1"/></method><counter type="INSTRUCTION" missed="0" covered="10"/><counter type="LINE" missed="0" covered="4"/><counter type="COMPLEXITY" missed="0" covered="3"/><counter type="METHOD" missed="0" covered="3"/><counter type="CLASS" missed="0" covered="1"/></class><class name="edu/postech/csed332/homework2/Book" sourcefilename="Book.java"><method name="&lt;init&gt;" desc="(Ljava/lang/String;Ljava/util/List;)V" line="24"><counter type="INSTRUCTION" missed="0" covered="12"/><counter type="LINE" missed="0" covered="5"/><counter type="COMPLEXITY" missed="0" covered="1"/><counter type="METHOD" missed="0" covered="1"/></method><method name="&lt;init&gt;" desc="(Ljava/lang/String;)V" line="37"><counter type="INSTRUCTION" missed="1" covered="41"/><counter type="BRANCH" missed="0" covered="2"/><counter type="LINE" missed="0" covered="10"/><counter type="COMPLEXITY" missed="0" covered="2"/><counter type="METHOD" missed="0" covered="1"/></method><method name="getStringRepresentation" desc="()Ljava/lang/String;" line="60"><counter type="INSTRUCTION" missed="3" covered="27"/><counter type="LINE" missed="2" covered="6"/><counter type="COMPLEXITY" missed="0" covered="1"/><counter type="METHOD" missed="0" covered="1"/></method><method name="getContainingCollections" desc="()Ljava/util/List;" line="84"><counter type="INSTRUCTION" missed="0" covered="19"/><counter type="BRANCH" missed="0" covered="2"/><counter type="LINE" missed="0" covered="6"/><counter type="COMPLEXITY" missed="0" covered="2"/><counter type="METHOD" missed="0" covered="1"/></method><method name="getTitle" desc="()Ljava/lang/String;" line="99"><counter type="INSTRUCTION" missed="0" covered="3"/><counter type="LINE" missed="0" covered="1"/><counter type="COMPLEXITY" missed="0" covered="1"/><counter type="METHOD" missed="0" covered="1"/></method><method name="getAuthors" desc="()Ljava/util/List;" line="108"><counter type="INSTRUCTION" missed="0" covered="3"/><counter type="LINE" missed="0" covered="1"/><counter type="COMPLEXITY" missed="0" covered="1"/><counter type="METHOD" missed="0" covered="1"/></method><counter type="INSTRUCTION" missed="4" covered="105"/><counter type="BRANCH" missed="0" covered="4"/><counter type="LINE" missed="2" covered="29"/><counter type="COMPLEXITY" missed="0" covered="8"/><counter type="METHOD" missed="0" covered="6"/><counter type="CLASS" missed="0" covered="1"/></class><class name="edu/postech/csed332/homework2/Library" sourcefilename="Library.java"><method name="&lt;init&gt;" desc="()V" line="17"><counter type="INSTRUCTION" missed="0" covered="6"/><counter type="LINE" missed="0" covered="3"/><counter type="COMPLEXITY" missed="0" covered="1"/><counter type="METHOD" missed="0" covered="1"/></method><method name="&lt;init&gt;" desc="(Ljava/lang/String;)V" line="27"><counter type="INSTRUCTION" missed="9" covered="68"/><counter type="BRANCH" missed="0" covered="4"/><counter type="LINE" missed="3" covered="16"/><counter type="COMPLEXITY" missed="0" covered="3"/><counter type="METHOD" missed="0" covered="1"/></method><method name="saveLibraryToFile" desc="(Ljava/lang/String;)V" line="63"><counter type="INSTRUCTION" missed="1" covered="60"/><counter type="BRANCH" missed="0" covered="2"/><counter type="LINE" missed="0" covered="15"/><counter type="COMPLEXITY" missed="0" covered="2"/><counter type="METHOD" missed="0" covered="1"/></method><method name="findBooks" desc="(Ljava/lang/String;)Ljava/util/Set;" line="100"><counter type="INSTRUCTION" missed="0" covered="30"/><counter type="BRANCH" missed="0" covered="4"/><counter type="LINE" missed="0" covered="5"/><counter type="COMPLEXITY" missed="0" covered="3"/><counter type="METHOD" missed="0" covered="1"/></method><method name="findBooksByAuthor" desc="(Ljava/lang/String;)Ljava/util/Set;" line="119"><counter type="INSTRUCTION" missed="0" covered="29"/><counter type="BRANCH" missed="0" covered="4"/><counter type="LINE" missed="0" covered="5"/><counter type="COMPLEXITY" missed="0" covered="3"/><counter type="METHOD" missed="0" covered="1"/></method><method name="getCollections" desc="()Ljava/util/List;" line="133"><counter type="INSTRUCTION" missed="0" covered="3"/><counter type="LINE" missed="0" covered="1"/><counter type="COMPLEXITY" missed="0" covered="1"/><counter type="METHOD" missed="0" covered="1"/></method><counter type="INSTRUCTION" missed="10" covered="196"/><counter type="BRANCH" missed="0" covered="14"/><counter type="LINE" missed="3" covered="45"/><counter type="COMPLEXITY" missed="0" covered="13"/><counter type="METHOD" missed="0" covered="6"/><counter type="CLASS" missed="0" covered="1"/></class><class name="edu/postech/csed332/homework2/Collection" sourcefilename="Collection.java"><method name="&lt;init&gt;" desc="(Ljava/lang/String;)V" line="21"><counter type="INSTRUCTION" missed="0" covered="14"/><counter type="LINE" missed="0" covered="5"/><counter type="COMPLEXITY" missed="0" covered="1"/><counter type="METHOD" missed="0" covered="1"/></method><method name="restoreCollection" desc="(Ljava/lang/String;)Ledu/postech/csed332/homework2/Collection;" line="36"><counter type="INSTRUCTION" missed="3" covered="64"/><counter type="BRANCH" missed="0" covered="4"/><counter type="LINE" missed="2" covered="13"/><counter type="COMPLEXITY" missed="0" covered="3"/><counter type="METHOD" missed="0" covered="1"/></method><method name="getStringRepresentation" desc="()Ljava/lang/String;" line="67"><counter type="INSTRUCTION" missed="3" covered="92"/><counter type="BRANCH" missed="0" covered="8"/><counter type="LINE" missed="2" covered="19"/><counter type="COMPLEXITY" missed="0" covered="5"/><counter type="METHOD" missed="0" covered="1"/></method><method name="addElement" desc="(Ledu/postech/csed332/homework2/Element;)Z" line="104"><counter type="INSTRUCTION" missed="0" covered="8"/><counter type="LINE" missed="0" covered="2"/><counter type="COMPLEXITY" missed="0" covered="1"/><counter type="METHOD" missed="0" covered="1"/></method><method name="deleteElement" desc="(Ledu/postech/csed332/homework2/Element;)Z" line="118"><counter type="INSTRUCTION" missed="0" covered="8"/><counter type="LINE" missed="0" covered="2"/><counter type="COMPLEXITY" missed="0" covered="1"/><counter type="METHOD" missed="0" covered="1"/></method><method name="getTargetBooks" desc="(Ljava/lang/String;Z)Ljava/util/Set;" line="123"><counter type="INSTRUCTION" missed="0" covered="47"/><counter type="BRANCH" missed="2" covered="8"/><counter type="LINE" missed="0" covered="11"/><counter type="COMPLEXITY" missed="2" covered="4"/><counter type="METHOD" missed="0" covered="1"/></method><method name="getBooksByAuthor" desc="(Ljava/lang/String;)Ljava/util/Set;" line="141"><counter type="INSTRUCTION" missed="0" covered="43"/><counter type="BRANCH" missed="1" covered="7"/><counter type="LINE" missed="0" covered="9"/><counter type="COMPLEXITY" missed="1" covered="4"/><counter type="METHOD" missed="0" covered="1"/></method><method name="getName" desc="()Ljava/lang/String;" line="161"><counter type="INSTRUCTION" missed="0" covered="3"/><counter type="LINE" missed="0" covered="1"/><counter type="COMPLEXITY" missed="0" covered="1"/><counter type="METHOD" missed="0" covered="1"/></method><method name="getElements" desc="()Ljava/util/List;" line="170"><counter type="INSTRUCTION" missed="3" covered="0"/><counter type="LINE" missed="1" covered="0"/><counter type="COMPLEXITY" missed="1" covered="0"/><counter type="METHOD" missed="1" covered="0"/></method><counter type="INSTRUCTION" missed="9" covered="279"/><counter type="BRANCH" missed="3" covered="27"/><counter type="LINE" missed="5" covered="62"/><counter type="COMPLEXITY" missed="4" covered="20"/><counter type="METHOD" missed="1" covered="8"/><counter type="CLASS" missed="0" covered="1"/></class><sourcefile name="Book.java"><line nr="24" mi="0" ci="2" mb="0" cb="0"/><line nr="25" mi="0" ci="3" mb="0" cb="0"/><line nr="26" mi="0" ci="3" mb="0" cb="0"/><line nr="28" mi="0" ci="3" mb="0" cb="0"/><line nr="29" mi="0" ci="1" mb="0" cb="0"/><line nr="37" mi="0" ci="2" mb="0" cb="0"/><line nr="40" mi="0" ci="5" mb="0" cb="0"/><line nr="41" mi="0" ci="5" mb="0" cb="0"/><line nr="42" mi="0" ci="4" mb="0" cb="0"/><line nr="43" mi="0" ci="5" mb="0" cb="0"/><line nr="44" mi="0" ci="8" mb="0" cb="2"/><line nr="45" mi="0" ci="7" mb="0" cb="0"/><line nr="47" mi="0" ci="3" mb="0" cb="0"/><line nr="48" mi="1" ci="1" mb="0" cb="0"/><line nr="49" mi="0" ci="1" mb="0" cb="0"/><line nr="60" mi="0" ci="4" mb="0" cb="0"/><line nr="61" mi="0" ci="3" mb="0" cb="0"/><line nr="62" mi="0" ci="7" mb="0" cb="0"/><line nr="63" mi="0" ci="7" mb="0" cb="0"/><line nr="64" mi="0" ci="3" mb="0" cb="0"/><line nr="65" mi="0" ci="3" mb="0" cb="0"/><line nr="66" mi="1" ci="0" mb="0" cb="0"/><line nr="67" mi="2" ci="0" mb="0" cb="0"/><line nr="84" mi="0" ci="4" mb="0" cb="0"/><line nr="85" mi="0" ci="3" mb="0" cb="0"/><line nr="86" mi="0" ci="3" mb="0" cb="2"/><line nr="87" mi="0" ci="4" mb="0" cb="0"/><line nr="88" mi="0" ci="3" mb="0" cb="0"/><line nr="90" mi="0" ci="2" mb="0" cb="0"/><line nr="99" mi="0" ci="3" mb="0" cb="0"/><line nr="108" mi="0" ci="3" mb="0" cb="0"/><counter type="INSTRUCTION" missed="4" covered="105"/><counter type="BRANCH" missed="0" covered="4"/><counter type="LINE" missed="2" covered="29"/><counter type="COMPLEXITY" missed="0" covered="8"/><counter type="METHOD" missed="0" covered="6"/><counter type="CLASS" missed="0" covered="1"/></sourcefile><sourcefile name="Collection.java"><line nr="21" mi="0" ci="2" mb="0" cb="0"/><line nr="22" mi="0" ci="3" mb="0" cb="0"/><line nr="24" mi="0" ci="5" mb="0" cb="0"/><line nr="25" mi="0" ci="3" mb="0" cb="0"/><line nr="26" mi="0" ci="1" mb="0" cb="0"/><line nr="36" mi="0" ci="5" mb="0" cb="0"/><line nr="37" mi="0" ci="4" mb="0" cb="0"/><line nr="38" mi="0" ci="5" mb="0" cb="0"/><line nr="40" mi="0" ci="4" mb="0" cb="0"/><line nr="41" mi="0" ci="8" mb="0" cb="2"/><line nr="42" mi="0" ci="8" mb="0" cb="0"/><line nr="43" mi="0" ci="4" mb="0" cb="0"/><line nr="46" mi="0" ci="4" mb="0" cb="0"/><line nr="47" mi="0" ci="8" mb="0" cb="2"/><line nr="48" mi="0" ci="4" mb="0" cb="0"/><line nr="49" mi="0" ci="4" mb="0" cb="0"/><line nr="50" mi="0" ci="4" mb="0" cb="0"/><line nr="52" mi="0" ci="2" mb="0" cb="0"/><line nr="53" mi="1" ci="0" mb="0" cb="0"/><line nr="54" mi="2" ci="0" mb="0" cb="0"/><line nr="67" mi="0" ci="4" mb="0" cb="0"/><line nr="68" mi="0" ci="3" mb="0" cb="0"/><line nr="69" mi="0" ci="7" mb="0" cb="0"/><line nr="70" mi="0" ci="4" mb="0" cb="0"/><line nr="71" mi="0" ci="3" mb="0" cb="0"/><line nr="72" mi="0" ci="12" mb="0" cb="2"/><line nr="73" mi="0" ci="3" mb="0" cb="2"/><line nr="74" mi="0" ci="7" mb="0" cb="0"/><line nr="75" mi="0" ci="4" mb="0" cb="0"/><line nr="78" mi="0" ci="3" mb="0" cb="0"/><line nr="79" mi="0" ci="4" mb="0" cb="0"/><line nr="80" mi="0" ci="3" mb="0" cb="0"/><line nr="81" mi="0" ci="12" mb="0" cb="2"/><line nr="82" mi="0" ci="3" mb="0" cb="2"/><line nr="83" mi="0" ci="7" mb="0" cb="0"/><line nr="84" mi="0" ci="4" mb="0" cb="0"/><line nr="87" mi="0" ci="3" mb="0" cb="0"/><line nr="88" mi="0" ci="3" mb="0" cb="0"/><line nr="89" mi="0" ci="3" mb="0" cb="0"/><line nr="90" mi="1" ci="0" mb="0" cb="0"/><line nr="91" mi="2" ci="0" mb="0" cb="0"/><line nr="104" mi="0" ci="3" mb="0" cb="0"/><line nr="105" mi="0" ci="5" mb="0" cb="0"/><line nr="118" mi="0" ci="3" mb="0" cb="0"/><line nr="119" mi="0" ci="5" mb="0" cb="0"/><line nr="123" mi="0" ci="4" mb="0" cb="0"/><line nr="124" mi="0" ci="5" mb="0" cb="2"/><line nr="125" mi="0" ci="2" mb="0" cb="0"/><line nr="127" mi="0" ci="12" mb="0" cb="2"/><line nr="128" mi="0" ci="3" mb="0" cb="2"/><line nr="129" mi="0" ci="8" mb="0" cb="0"/><line nr="130" mi="0" ci="1" mb="0" cb="0"/><line nr="131" mi="0" ci="3" mb="1" cb="1"/><line nr="132" mi="0" ci="2" mb="1" cb="1"/><line nr="133" mi="0" ci="5" mb="0" cb="0"/><line nr="137" mi="0" ci="2" mb="0" cb="0"/><line nr="141" mi="0" ci="4" mb="0" cb="0"/><line nr="142" mi="0" ci="12" mb="0" cb="2"/><line nr="143" mi="0" ci="3" mb="0" cb="2"/><line nr="144" mi="0" ci="7" mb="0" cb="0"/><line nr="145" mi="0" ci="1" mb="0" cb="0"/><line nr="146" mi="0" ci="3" mb="1" cb="1"/><line nr="147" mi="0" ci="6" mb="0" cb="2"/><line nr="148" mi="0" ci="5" mb="0" cb="0"/><line nr="152" mi="0" ci="2" mb="0" cb="0"/><line nr="161" mi="0" ci="3" mb="0" cb="0"/><line nr="170" mi="3" ci="0" mb="0" cb="0"/><counter type="INSTRUCTION" missed="9" covered="279"/><counter type="BRANCH" missed="3" covered="27"/><counter type="LINE" missed="5" covered="62"/><counter type="COMPLEXITY" missed="4" covered="20"/><counter type="METHOD" missed="1" covered="8"/><counter type="CLASS" missed="0" covered="1"/></sourcefile><sourcefile name="Library.java"><line nr="17" mi="0" ci="2" mb="0" cb="0"/><line nr="19" mi="0" ci="3" mb="0" cb="0"/><line nr="20" mi="0" ci="1" mb="0" cb="0"/><line nr="27" mi="0" ci="2" mb="0" cb="0"/><line nr="30" mi="0" ci="4" mb="0" cb="0"/><line nr="31" mi="0" ci="5" mb="0" cb="0"/><line nr="32" mi="0" ci="5" mb="0" cb="0"/><line nr="34" mi="0" ci="6" mb="0" cb="2"/><line nr="35" mi="0" ci="6" mb="0" cb="0"/><line nr="37" mi="0" ci="2" mb="0" cb="0"/><line nr="38" mi="0" ci="3" mb="0" cb="0"/><line nr="39" mi="0" ci="5" mb="0" cb="0"/><line nr="41" mi="0" ci="5" mb="0" cb="0"/><line nr="42" mi="0" ci="4" mb="0" cb="0"/><line nr="43" mi="0" ci="8" mb="0" cb="2"/><line nr="44" mi="0" ci="6" mb="0" cb="0"/><line nr="45" mi="0" ci="5" mb="0" cb="0"/><line nr="47" mi="1" ci="1" mb="0" cb="0"/><line nr="48" mi="4" ci="0" mb="0" cb="0"/><line nr="50" mi="1" ci="0" mb="0" cb="0"/><line nr="51" mi="3" ci="0" mb="0" cb="0"/><line nr="53" mi="0" ci="1" mb="0" cb="0"/><line nr="63" mi="0" ci="5" mb="0" cb="0"/><line nr="64" mi="0" ci="5" mb="0" cb="0"/><line nr="65" mi="0" ci="4" mb="0" cb="0"/><line nr="66" mi="0" ci="3" mb="0" cb="0"/><line nr="67" mi="0" ci="4" mb="0" cb="0"/><line nr="68" mi="0" ci="3" mb="0" cb="0"/><line nr="69" mi="0" ci="12" mb="0" cb="2"/><line nr="70" mi="0" ci="6" mb="0" cb="0"/><line nr="71" mi="0" ci="4" mb="0" cb="0"/><line nr="73" mi="0" ci="3" mb="0" cb="0"/><line nr="74" mi="0" ci="3" mb="0" cb="0"/><line nr="76" mi="0" ci="4" mb="0" cb="0"/><line nr="77" mi="0" ci="2" mb="0" cb="0"/><line nr="78" mi="1" ci="1" mb="0" cb="0"/><line nr="79" mi="0" ci="1" mb="0" cb="0"/><line nr="100" mi="0" ci="4" mb="0" cb="0"/><line nr="101" mi="0" ci="5" mb="0" cb="2"/><line nr="102" mi="0" ci="12" mb="0" cb="2"/><line nr="103" mi="0" ci="7" mb="0" cb="0"/><line nr="105" mi="0" ci="2" mb="0" cb="0"/><line nr="119" mi="0" ci="4" mb="0" cb="0"/><line nr="120" mi="0" ci="5" mb="0" cb="2"/><line nr="121" mi="0" ci="12" mb="0" cb="2"/><line nr="122" mi="0" ci="6" mb="0" cb="0"/><line nr="124" mi="0" ci="2" mb="0" cb="0"/><line nr="133" mi="0" ci="3" mb="0" cb="0"/><counter type="INSTRUCTION" missed="10" covered="196"/><counter type="BRANCH" missed="0" covered="14"/><counter type="LINE" missed="3" covered="45"/><counter type="COMPLEXITY" missed="0" covered="13"/><counter type="METHOD" missed="0" covered="6"/><counter type="CLASS" missed="0" covered="1"/></sourcefile><sourcefile name="Element.java"><line nr="18" mi="0" ci="3" mb="0" cb="0"/><line nr="27" mi="0" ci="3" mb="0" cb="0"/><line nr="36" mi="0" ci="3" mb="0" cb="0"/><line nr="37" mi="0" ci="1" mb="0" cb="0"/><counter type="INSTRUCTION" missed="0" covered="10"/><counter type="LINE" missed="0" covered="4"/><counter type="COMPLEXITY" missed="0" covered="3"/><counter type="METHOD" missed="0" covered="3"/><counter type="CLASS" missed="0" covered="1"/></sourcefile><counter type="INSTRUCTION" missed="23" covered="590"/><counter type="BRANCH" missed="3" covered="45"/><counter type="LINE" missed="10" covered="140"/><counter type="COMPLEXITY" missed="4" covered="44"/><counter type="METHOD" missed="1" covered="23"/><counter type="CLASS" missed="0" covered="4"/></package><counter type="INSTRUCTION" missed="23" covered="590"/><counter type="BRANCH" missed="3" covered="45"/><counter type="LINE" missed="10" covered="140"/><counter type="COMPLEXITY" missed="4" covered="44"/><counter type="METHOD" missed="1" covered="23"/><counter type="CLASS" missed="0" covered="4"/></report>